# JRE version: OpenJDK Runtime Environment (17.0.9) (build 17.0.9+0--11185874)
# Java VM: OpenJDK 64-Bit Server VM (17.0.9+0--11185874, mixed mode, tiered, compressed oops, compressed class ptrs, g1 gc, windows-amd64)
GC Precious Log:
 CPUs: 16 total, 16 available
 Memory: 15996M
 Large Page Support: Disabled
 NUMA Support: Disabled
 Compressed Oops: Enabled (32-bit)
 Heap Region Size: 1M
 Heap Min Capacity: 8M
 Heap Initial Capacity: 250M
 Heap Max Capacity: 2G
 Pre-touch: Disabled
 Parallel Workers: 13
 Concurrent Workers: 3
 Concurrent Refinement Workers: 13
 Periodic GC: Disabled
Heap:
 garbage-first heap   total 122880K, used 65462K [0x0000000080000000, 0x0000000100000000)
  region size 1024K, 4 young (4096K), 4 survivors (4096K)
 Metaspace       used 66741K, committed 67264K, reserved 1114112K
  class space    used 8947K, committed 9152K, reserved 1048576K
GC Heap History (20 events):
Event: 7.162 GC heap after
{Heap after GC invocations=14 (full 0):
 garbage-first heap   total 86016K, used 38050K [0x0000000080000000, 0x0000000100000000)
  region size 1024K, 5 young (5120K), 5 survivors (5120K)
 Metaspace       used 53938K, committed 54400K, reserved 1114112K
  class space    used 7319K, committed 7552K, reserved 1048576K
}
Event: 7.217 GC heap before
{Heap before GC invocations=14 (full 0):
 garbage-first heap   total 86016K, used 47266K [0x0000000080000000, 0x0000000100000000)
  region size 1024K, 11 young (11264K), 5 survivors (5120K)
 Metaspace       used 53977K, committed 54464K, reserved 1114112K
  class space    used 7322K, committed 7552K, reserved 1048576K
}
Event: 7.221 GC heap after
{Heap after GC invocations=15 (full 0):
 garbage-first heap   total 86016K, used 46189K [0x0000000080000000, 0x0000000100000000)
  region size 1024K, 3 young (3072K), 3 survivors (3072K)
 Metaspace       used 53977K, committed 54464K, reserved 1114112K
  class space    used 7322K, committed 7552K, reserved 1048576K
}
Event: 7.256 GC heap before
{Heap before GC invocations=16 (full 0):
 garbage-first heap   total 86016K, used 51309K [0x0000000080000000, 0x0000000100000000)
  region size 1024K, 7 young (7168K), 3 survivors (3072K)
 Metaspace       used 54081K, committed 54592K, reserved 1114112K
  class space    used 7335K, committed 7552K, reserved 1048576K
}
Event: 7.258 GC heap after
{Heap after GC invocations=17 (full 0):
 garbage-first heap   total 86016K, used 49931K [0x0000000080000000, 0x0000000100000000)
  region size 1024K, 2 young (2048K), 2 survivors (2048K)
 Metaspace       used 54081K, committed 54592K, reserved 1114112K
  class space    used 7335K, committed 7552K, reserved 1048576K
}
Event: 7.298 GC heap before
{Heap before GC invocations=18 (full 0):
 garbage-first heap   total 99328K, used 59147K [0x0000000080000000, 0x0000000100000000)
  region size 1024K, 7 young (7168K), 2 survivors (2048K)
 Metaspace       used 54112K, committed 54592K, reserved 1114112K
  class space    used 7339K, committed 7552K, reserved 1048576K
}
Event: 7.300 GC heap after
{Heap after GC invocations=19 (full 0):
 garbage-first heap   total 99328K, used 56306K [0x0000000080000000, 0x0000000100000000)
  region size 1024K, 3 young (3072K), 3 survivors (3072K)
 Metaspace       used 54112K, committed 54592K, reserved 1114112K
  class space    used 7339K, committed 7552K, reserved 1048576K
}
Event: 7.432 GC heap before
{Heap before GC invocations=20 (full 0):
 garbage-first heap   total 102400K, used 69618K [0x0000000080000000, 0x0000000100000000)
  region size 1024K, 16 young (16384K), 3 survivors (3072K)
 Metaspace       used 55146K, committed 55680K, reserved 1114112K
  class space    used 7488K, committed 7744K, reserved 1048576K
}
Event: 7.435 GC heap after
{Heap after GC invocations=21 (full 0):
 garbage-first heap   total 122880K, used 58663K [0x0000000080000000, 0x0000000100000000)
  region size 1024K, 2 young (2048K), 2 survivors (2048K)
 Metaspace       used 55146K, committed 55680K, reserved 1114112K
  class space    used 7488K, committed 7744K, reserved 1048576K
}
Event: 7.459 GC heap before
{Heap before GC invocations=21 (full 0):
 garbage-first heap   total 122880K, used 62759K [0x0000000080000000, 0x0000000100000000)
  region size 1024K, 6 young (6144K), 2 survivors (2048K)
 Metaspace       used 55466K, committed 56000K, reserved 1114112K
  class space    used 7525K, committed 7744K, reserved 1048576K
}
Event: 7.461 GC heap after
{Heap after GC invocations=22 (full 0):
 garbage-first heap   total 122880K, used 59770K [0x0000000080000000, 0x0000000100000000)
  region size 1024K, 1 young (1024K), 1 survivors (1024K)
 Metaspace       used 55466K, committed 56000K, reserved 1114112K
  class space    used 7525K, committed 7744K, reserved 1048576K
}
Event: 7.694 GC heap before
{Heap before GC invocations=22 (full 0):
 garbage-first heap   total 122880K, used 83322K [0x0000000080000000, 0x0000000100000000)
  region size 1024K, 24 young (24576K), 1 survivors (1024K)
 Metaspace       used 57697K, committed 58240K, reserved 1114112K
  class space    used 7849K, committed 8128K, reserved 1048576K
}
Event: 7.696 GC heap after
{Heap after GC invocations=23 (full 0):
 garbage-first heap   total 122880K, used 60396K [0x0000000080000000, 0x0000000100000000)
  region size 1024K, 1 young (1024K), 1 survivors (1024K)
 Metaspace       used 57697K, committed 58240K, reserved 1114112K
  class space    used 7849K, committed 8128K, reserved 1048576K
}
Event: 7.987 GC heap before
{Heap before GC invocations=24 (full 0):
 garbage-first heap   total 122880K, used 84972K [0x0000000080000000, 0x0000000100000000)
  region size 1024K, 26 young (26624K), 1 survivors (1024K)
 Metaspace       used 60718K, committed 61248K, reserved 1114112K
  class space    used 8163K, committed 8448K, reserved 1048576K
}
Event: 7.989 GC heap after
{Heap after GC invocations=25 (full 0):
 garbage-first heap   total 122880K, used 60948K [0x0000000080000000, 0x0000000100000000)
  region size 1024K, 2 young (2048K), 2 survivors (2048K)
 Metaspace       used 60718K, committed 61248K, reserved 1114112K
  class space    used 8163K, committed 8448K, reserved 1048576K
}
Event: 8.025 GC heap before
{Heap before GC invocations=25 (full 0):
 garbage-first heap   total 122880K, used 64020K [0x0000000080000000, 0x0000000100000000)
  region size 1024K, 6 young (6144K), 2 survivors (2048K)
 Metaspace       used 61143K, committed 61696K, reserved 1114112K
  class space    used 8189K, committed 8448K, reserved 1048576K
}
Event: 8.027 GC heap after
{Heap after GC invocations=26 (full 0):
 garbage-first heap   total 122880K, used 60373K [0x0000000080000000, 0x0000000100000000)
  region size 1024K, 1 young (1024K), 1 survivors (1024K)
 Metaspace       used 61143K, committed 61696K, reserved 1114112K
  class space    used 8189K, committed 8448K, reserved 1048576K
}
Event: 8.483 GC heap before
{Heap before GC invocations=26 (full 0):
 garbage-first heap   total 122880K, used 89045K [0x0000000080000000, 0x0000000100000000)
  region size 1024K, 29 young (29696K), 1 survivors (1024K)
 Metaspace       used 64326K, committed 64896K, reserved 1114112K
  class space    used 8630K, committed 8896K, reserved 1048576K
}
Event: 8.485 GC heap after
{Heap after GC invocations=27 (full 0):
 garbage-first heap   total 122880K, used 61347K [0x0000000080000000, 0x0000000100000000)
  region size 1024K, 2 young (2048K), 2 survivors (2048K)
 Metaspace       used 64326K, committed 64896K, reserved 1114112K
  class space    used 8630K, committed 8896K, reserved 1048576K
}
Event: 8.740 GC heap before
{Heap before GC invocations=28 (full 0):
 garbage-first heap   total 122880K, used 98211K [0x0000000080000000, 0x0000000100000000)
  region size 1024K, 32 young (32768K), 2 survivors (2048K)
 Metaspace       used 66741K, committed 67264K, reserved 1114112K
  class space    used 8947K, committed 9152K, reserved 1048576K
}

