# JRE version: OpenJDK Runtime Environment (17.0.10) (build 17.0.10+0--11572160)
# Java VM: OpenJDK 64-Bit Server VM (17.0.10+0--11572160, mixed mode, tiered, compressed oops, compressed class ptrs, g1 gc, windows-amd64)
GC Precious Log:
 CPUs: 16 total, 16 available
 Memory: 15996M
 Large Page Support: Disabled
 NUMA Support: Disabled
 Compressed Oops: Enabled (32-bit)
 Heap Region Size: 1M
 Heap Min Capacity: 8M
 Heap Initial Capacity: 250M
 Heap Max Capacity: 2G
 Pre-touch: Disabled
 Parallel Workers: 13
 Concurrent Workers: 3
 Concurrent Refinement Workers: 13
 Periodic GC: Disabled
Heap:
 garbage-first heap   total 360448K, used 155000K [0x0000000080000000, 0x0000000100000000)
  region size 1024K, 2 young (2048K), 2 survivors (2048K)
 Metaspace       used 152069K, committed 153152K, reserved 1245184K
  class space    used 20407K, committed 20928K, reserved 1048576K
GC Heap History (20 events):
Event: 652.703 GC heap after
{Heap after GC invocations=75 (full 0):
 garbage-first heap   total 320512K, used 169409K [0x0000000080000000, 0x0000000100000000)
  region size 1024K, 2 young (2048K), 2 survivors (2048K)
 Metaspace       used 151512K, committed 152512K, reserved 1245184K
  class space    used 20371K, committed 20864K, reserved 1048576K
}
Event: 652.968 GC heap before
{Heap before GC invocations=75 (full 0):
 garbage-first heap   total 320512K, used 204225K [0x0000000080000000, 0x0000000100000000)
  region size 1024K, 37 young (37888K), 2 survivors (2048K)
 Metaspace       used 151514K, committed 152512K, reserved 1245184K
  class space    used 20371K, committed 20864K, reserved 1048576K
}
Event: 652.981 GC heap after
{Heap after GC invocations=76 (full 0):
 garbage-first heap   total 320512K, used 187392K [0x0000000080000000, 0x0000000100000000)
  region size 1024K, 11 young (11264K), 11 survivors (11264K)
 Metaspace       used 151514K, committed 152512K, reserved 1245184K
  class space    used 20371K, committed 20864K, reserved 1048576K
}
Event: 654.945 GC heap before
{Heap before GC invocations=77 (full 0):
 garbage-first heap   total 360448K, used 262144K [0x0000000080000000, 0x0000000100000000)
  region size 1024K, 59 young (60416K), 11 survivors (11264K)
 Metaspace       used 151632K, committed 152704K, reserved 1245184K
  class space    used 20390K, committed 20928K, reserved 1048576K
}
Event: 654.955 GC heap after
{Heap after GC invocations=78 (full 0):
 garbage-first heap   total 360448K, used 191377K [0x0000000080000000, 0x0000000100000000)
  region size 1024K, 6 young (6144K), 6 survivors (6144K)
 Metaspace       used 151632K, committed 152704K, reserved 1245184K
  class space    used 20390K, committed 20928K, reserved 1048576K
}
Event: 654.991 GC heap before
{Heap before GC invocations=78 (full 0):
 garbage-first heap   total 360448K, used 202641K [0x0000000080000000, 0x0000000100000000)
  region size 1024K, 17 young (17408K), 6 survivors (6144K)
 Metaspace       used 151632K, committed 152704K, reserved 1245184K
  class space    used 20390K, committed 20928K, reserved 1048576K
}
Event: 654.998 GC heap after
{Heap after GC invocations=79 (full 0):
 garbage-first heap   total 360448K, used 182429K [0x0000000080000000, 0x0000000100000000)
  region size 1024K, 3 young (3072K), 3 survivors (3072K)
 Metaspace       used 151632K, committed 152704K, reserved 1245184K
  class space    used 20390K, committed 20928K, reserved 1048576K
}
Event: 655.291 GC heap before
{Heap before GC invocations=79 (full 0):
 garbage-first heap   total 360448K, used 229533K [0x0000000080000000, 0x0000000100000000)
  region size 1024K, 51 young (52224K), 3 survivors (3072K)
 Metaspace       used 151713K, committed 152768K, reserved 1245184K
  class space    used 20403K, committed 20928K, reserved 1048576K
}
Event: 655.296 GC heap after
{Heap after GC invocations=80 (full 0):
 garbage-first heap   total 360448K, used 184385K [0x0000000080000000, 0x0000000100000000)
  region size 1024K, 5 young (5120K), 5 survivors (5120K)
 Metaspace       used 151713K, committed 152768K, reserved 1245184K
  class space    used 20403K, committed 20928K, reserved 1048576K
}
Event: 719.692 GC heap before
{Heap before GC invocations=81 (full 0):
 garbage-first heap   total 360448K, used 287809K [0x0000000080000000, 0x0000000100000000)
  region size 1024K, 86 young (88064K), 5 survivors (5120K)
 Metaspace       used 151881K, committed 152960K, reserved 1245184K
  class space    used 20406K, committed 20928K, reserved 1048576K
}
Event: 719.702 GC heap after
{Heap after GC invocations=82 (full 0):
 garbage-first heap   total 360448K, used 172516K [0x0000000080000000, 0x0000000100000000)
  region size 1024K, 11 young (11264K), 11 survivors (11264K)
 Metaspace       used 151881K, committed 152960K, reserved 1245184K
  class space    used 20406K, committed 20928K, reserved 1048576K
}
Event: 719.767 GC heap before
{Heap before GC invocations=82 (full 0):
 garbage-first heap   total 360448K, used 177636K [0x0000000080000000, 0x0000000100000000)
  region size 1024K, 17 young (17408K), 11 survivors (11264K)
 Metaspace       used 151882K, committed 152960K, reserved 1245184K
  class space    used 20406K, committed 20928K, reserved 1048576K
}
Event: 719.778 GC heap after
{Heap after GC invocations=83 (full 0):
 garbage-first heap   total 360448K, used 161382K [0x0000000080000000, 0x0000000100000000)
  region size 1024K, 2 young (2048K), 2 survivors (2048K)
 Metaspace       used 151882K, committed 152960K, reserved 1245184K
  class space    used 20406K, committed 20928K, reserved 1048576K
}
Event: 719.864 GC heap before
{Heap before GC invocations=83 (full 0):
 garbage-first heap   total 360448K, used 167526K [0x0000000080000000, 0x0000000100000000)
  region size 1024K, 9 young (9216K), 2 survivors (2048K)
 Metaspace       used 151890K, committed 153024K, reserved 1245184K
  class space    used 20406K, committed 20928K, reserved 1048576K
}
Event: 719.868 GC heap after
{Heap after GC invocations=84 (full 0):
 garbage-first heap   total 360448K, used 161006K [0x0000000080000000, 0x0000000100000000)
  region size 1024K, 2 young (2048K), 2 survivors (2048K)
 Metaspace       used 151890K, committed 153024K, reserved 1245184K
  class space    used 20406K, committed 20928K, reserved 1048576K
}
Event: 721.968 GC heap before
{Heap before GC invocations=85 (full 0):
 garbage-first heap   total 360448K, used 300270K [0x0000000080000000, 0x0000000100000000)
  region size 1024K, 108 young (110592K), 2 survivors (2048K)
 Metaspace       used 152034K, committed 153152K, reserved 1245184K
  class space    used 20407K, committed 20928K, reserved 1048576K
}
Event: 721.975 GC heap after
{Heap after GC invocations=86 (full 0):
 garbage-first heap   total 360448K, used 167428K [0x0000000080000000, 0x0000000100000000)
  region size 1024K, 8 young (8192K), 8 survivors (8192K)
 Metaspace       used 152034K, committed 153152K, reserved 1245184K
  class space    used 20407K, committed 20928K, reserved 1048576K
}
Event: 721.996 GC heap before
{Heap before GC invocations=86 (full 0):
 garbage-first heap   total 360448K, used 175620K [0x0000000080000000, 0x0000000100000000)
  region size 1024K, 17 young (17408K), 8 survivors (8192K)
 Metaspace       used 152035K, committed 153152K, reserved 1245184K
  class space    used 20407K, committed 20928K, reserved 1048576K
}
Event: 722.007 GC heap after
{Heap after GC invocations=87 (full 0):
 garbage-first heap   total 360448K, used 155659K [0x0000000080000000, 0x0000000100000000)
  region size 1024K, 3 young (3072K), 3 survivors (3072K)
 Metaspace       used 152035K, committed 153152K, reserved 1245184K
  class space    used 20407K, committed 20928K, reserved 1048576K
}
Event: 722.258 GC heap before
{Heap before GC invocations=87 (full 0):
 garbage-first heap   total 360448K, used 192523K [0x0000000080000000, 0x0000000100000000)
  region size 1024K, 41 young (41984K), 3 survivors (3072K)
 Metaspace       used 152069K, committed 153152K, reserved 1245184K
  class space    used 20407K, committed 20928K, reserved 1048576K
}

