# JRE version: OpenJDK Runtime Environment (17.0.9) (build 17.0.9+0--11185874)
# Java VM: OpenJDK 64-Bit Server VM (17.0.9+0--11185874, mixed mode, tiered, compressed oops, compressed class ptrs, g1 gc, windows-amd64)
GC Precious Log:
 CPUs: 16 total, 16 available
 Memory: 15996M
 Large Page Support: Disabled
 NUMA Support: Disabled
 Compressed Oops: Enabled (32-bit)
 Heap Region Size: 1M
 Heap Min Capacity: 8M
 Heap Initial Capacity: 250M
 Heap Max Capacity: 2G
 Pre-touch: Disabled
 Parallel Workers: 13
 Concurrent Workers: 3
 Concurrent Refinement Workers: 13
 Periodic GC: Disabled
Heap:
 garbage-first heap   total 344064K, used 171427K [0x0000000080000000, 0x0000000100000000)
  region size 1024K, 3 young (3072K), 3 survivors (3072K)
 Metaspace       used 168926K, committed 169920K, reserved 1245184K
  class space    used 23341K, committed 23808K, reserved 1048576K
GC Heap History (20 events):
Event: 835.625 GC heap after
{Heap after GC invocations=80 (full 0):
 garbage-first heap   total 344064K, used 172286K [0x0000000080000000, 0x0000000100000000)
  region size 1024K, 2 young (2048K), 2 survivors (2048K)
 Metaspace       used 157097K, committed 158080K, reserved 1245184K
  class space    used 21981K, committed 22464K, reserved 1048576K
}
Event: 836.204 GC heap before
{Heap before GC invocations=80 (full 0):
 garbage-first heap   total 344064K, used 207102K [0x0000000080000000, 0x0000000100000000)
  region size 1024K, 37 young (37888K), 2 survivors (2048K)
 Metaspace       used 158689K, committed 159552K, reserved 1245184K
  class space    used 22212K, committed 22656K, reserved 1048576K
}
Event: 836.214 GC heap after
{Heap after GC invocations=81 (full 0):
 garbage-first heap   total 344064K, used 184123K [0x0000000080000000, 0x0000000100000000)
  region size 1024K, 12 young (12288K), 12 survivors (12288K)
 Metaspace       used 158689K, committed 159552K, reserved 1245184K
  class space    used 22212K, committed 22656K, reserved 1048576K
}
Event: 837.870 GC heap before
{Heap before GC invocations=82 (full 0):
 garbage-first heap   total 344064K, used 279355K [0x0000000080000000, 0x0000000100000000)
  region size 1024K, 78 young (79872K), 12 survivors (12288K)
 Metaspace       used 159337K, committed 160320K, reserved 1245184K
  class space    used 22264K, committed 22784K, reserved 1048576K
}
Event: 837.888 GC heap after
{Heap after GC invocations=83 (full 0):
 garbage-first heap   total 344064K, used 191901K [0x0000000080000000, 0x0000000100000000)
  region size 1024K, 9 young (9216K), 9 survivors (9216K)
 Metaspace       used 159337K, committed 160320K, reserved 1245184K
  class space    used 22264K, committed 22784K, reserved 1048576K
}
Event: 837.922 GC heap before
{Heap before GC invocations=83 (full 0):
 garbage-first heap   total 344064K, used 198045K [0x0000000080000000, 0x0000000100000000)
  region size 1024K, 16 young (16384K), 9 survivors (9216K)
 Metaspace       used 159353K, committed 160320K, reserved 1245184K
  class space    used 22264K, committed 22784K, reserved 1048576K
}
Event: 837.937 GC heap after
{Heap after GC invocations=84 (full 0):
 garbage-first heap   total 344064K, used 181412K [0x0000000080000000, 0x0000000100000000)
  region size 1024K, 2 young (2048K), 2 survivors (2048K)
 Metaspace       used 159353K, committed 160320K, reserved 1245184K
  class space    used 22264K, committed 22784K, reserved 1048576K
}
Event: 838.070 GC heap before
{Heap before GC invocations=84 (full 0):
 garbage-first heap   total 344064K, used 254116K [0x0000000080000000, 0x0000000100000000)
  region size 1024K, 74 young (75776K), 2 survivors (2048K)
 Metaspace       used 159398K, committed 160384K, reserved 1245184K
  class space    used 22264K, committed 22784K, reserved 1048576K
}
Event: 838.076 GC heap after
{Heap after GC invocations=85 (full 0):
 garbage-first heap   total 344064K, used 183389K [0x0000000080000000, 0x0000000100000000)
  region size 1024K, 4 young (4096K), 4 survivors (4096K)
 Metaspace       used 159398K, committed 160384K, reserved 1245184K
  class space    used 22264K, committed 22784K, reserved 1048576K
}
Event: 841.791 GC heap before
{Heap before GC invocations=86 (full 0):
 garbage-first heap   total 344064K, used 253021K [0x0000000080000000, 0x0000000100000000)
  region size 1024K, 82 young (83968K), 4 survivors (4096K)
 Metaspace       used 163700K, committed 164608K, reserved 1245184K
  class space    used 22831K, committed 23296K, reserved 1048576K
}
Event: 841.799 GC heap after
{Heap after GC invocations=87 (full 0):
 garbage-first heap   total 344064K, used 173850K [0x0000000080000000, 0x0000000100000000)
  region size 1024K, 4 young (4096K), 4 survivors (4096K)
 Metaspace       used 163700K, committed 164608K, reserved 1245184K
  class space    used 22831K, committed 23296K, reserved 1048576K
}
Event: 841.987 GC heap before
{Heap before GC invocations=87 (full 0):
 garbage-first heap   total 344064K, used 185114K [0x0000000080000000, 0x0000000100000000)
  region size 1024K, 16 young (16384K), 4 survivors (4096K)
 Metaspace       used 165780K, committed 166720K, reserved 1245184K
  class space    used 23075K, committed 23552K, reserved 1048576K
}
Event: 842.000 GC heap after
{Heap after GC invocations=88 (full 0):
 garbage-first heap   total 344064K, used 156823K [0x0000000080000000, 0x0000000100000000)
  region size 1024K, 2 young (2048K), 2 survivors (2048K)
 Metaspace       used 165780K, committed 166720K, reserved 1245184K
  class space    used 23075K, committed 23552K, reserved 1048576K
}
Event: 842.082 GC heap before
{Heap before GC invocations=88 (full 0):
 garbage-first heap   total 344064K, used 157847K [0x0000000080000000, 0x0000000100000000)
  region size 1024K, 4 young (4096K), 2 survivors (2048K)
 Metaspace       used 166226K, committed 167168K, reserved 1245184K
  class space    used 23093K, committed 23552K, reserved 1048576K
}
Event: 842.085 GC heap after
{Heap after GC invocations=89 (full 0):
 garbage-first heap   total 344064K, used 157041K [0x0000000080000000, 0x0000000100000000)
  region size 1024K, 3 young (3072K), 3 survivors (3072K)
 Metaspace       used 166226K, committed 167168K, reserved 1245184K
  class space    used 23093K, committed 23552K, reserved 1048576K
}
Event: 843.665 GC heap before
{Heap before GC invocations=90 (full 0):
 garbage-first heap   total 344064K, used 266609K [0x0000000080000000, 0x0000000100000000)
  region size 1024K, 107 young (109568K), 3 survivors (3072K)
 Metaspace       used 168865K, committed 169856K, reserved 1245184K
  class space    used 23340K, committed 23808K, reserved 1048576K
}
Event: 843.673 GC heap after
{Heap after GC invocations=91 (full 0):
 garbage-first heap   total 344064K, used 172379K [0x0000000080000000, 0x0000000100000000)
  region size 1024K, 14 young (14336K), 14 survivors (14336K)
 Metaspace       used 168865K, committed 169856K, reserved 1245184K
  class space    used 23340K, committed 23808K, reserved 1048576K
}
Event: 843.678 GC heap before
{Heap before GC invocations=91 (full 0):
 garbage-first heap   total 344064K, used 174427K [0x0000000080000000, 0x0000000100000000)
  region size 1024K, 16 young (16384K), 14 survivors (14336K)
 Metaspace       used 168883K, committed 169856K, reserved 1245184K
  class space    used 23340K, committed 23808K, reserved 1048576K
}
Event: 843.684 GC heap after
{Heap after GC invocations=92 (full 0):
 garbage-first heap   total 344064K, used 170609K [0x0000000080000000, 0x0000000100000000)
  region size 1024K, 2 young (2048K), 2 survivors (2048K)
 Metaspace       used 168883K, committed 169856K, reserved 1245184K
  class space    used 23340K, committed 23808K, reserved 1048576K
}
Event: 843.872 GC heap before
{Heap before GC invocations=92 (full 0):
 garbage-first heap   total 344064K, used 231025K [0x0000000080000000, 0x0000000100000000)
  region size 1024K, 63 young (64512K), 2 survivors (2048K)
 Metaspace       used 168926K, committed 169920K, reserved 1245184K
  class space    used 23341K, committed 23808K, reserved 1048576K
}

