# JRE version: OpenJDK Runtime Environment (17.0.7) (build 17.0.7+0-b2043.56-10550314)
# Java VM: OpenJDK 64-Bit Server VM (17.0.7+0-b2043.56-10550314, mixed mode, tiered, compressed oops, compressed class ptrs, g1 gc, windows-amd64)
GC Precious Log:
 CPUs: 16 total, 16 available
 Memory: 15996M
 Large Page Support: Disabled
 NUMA Support: Disabled
 Compressed Oops: Enabled (32-bit)
 Heap Region Size: 1M
 Heap Min Capacity: 8M
 Heap Initial Capacity: 250M
 Heap Max Capacity: 2G
 Pre-touch: Disabled
 Parallel Workers: 13
 Concurrent Workers: 3
 Concurrent Refinement Workers: 13
 Periodic GC: Disabled
Heap:
 garbage-first heap   total 454656K, used 348004K [0x0000000080000000, 0x0000000100000000)
  region size 1024K, 103 young (105472K), 2 survivors (2048K)
 Metaspace       used 173564K, committed 174464K, reserved 1245184K
  class space    used 22499K, committed 22912K, reserved 1048576K
GC Heap History (20 events):
Event: 23.682 GC heap before
{Heap before GC invocations=75 (full 0):
 garbage-first heap   total 362496K, used 273895K [0x0000000080000000, 0x0000000100000000)
  region size 1024K, 54 young (55296K), 7 survivors (7168K)
 Metaspace       used 161298K, committed 162176K, reserved 1245184K
  class space    used 20955K, committed 21376K, reserved 1048576K
}
Event: 23.690 GC heap after
{Heap after GC invocations=76 (full 0):
 garbage-first heap   total 362496K, used 231979K [0x0000000080000000, 0x0000000100000000)
  region size 1024K, 7 young (7168K), 7 survivors (7168K)
 Metaspace       used 161298K, committed 162176K, reserved 1245184K
  class space    used 20955K, committed 21376K, reserved 1048576K
}
Event: 24.327 GC heap before
{Heap before GC invocations=76 (full 0):
 garbage-first heap   total 362496K, used 281131K [0x0000000080000000, 0x0000000100000000)
  region size 1024K, 55 young (56320K), 7 survivors (7168K)
 Metaspace       used 161298K, committed 162176K, reserved 1245184K
  class space    used 20955K, committed 21376K, reserved 1048576K
}
Event: 24.330 GC heap after
{Heap after GC invocations=77 (full 0):
 garbage-first heap   total 362496K, used 234184K [0x0000000080000000, 0x0000000100000000)
  region size 1024K, 5 young (5120K), 5 survivors (5120K)
 Metaspace       used 161298K, committed 162176K, reserved 1245184K
  class space    used 20955K, committed 21376K, reserved 1048576K
}
Event: 24.927 GC heap before
{Heap before GC invocations=77 (full 0):
 garbage-first heap   total 362496K, used 285384K [0x0000000080000000, 0x0000000100000000)
  region size 1024K, 55 young (56320K), 5 survivors (5120K)
 Metaspace       used 161298K, committed 162176K, reserved 1245184K
  class space    used 20955K, committed 21376K, reserved 1048576K
}
Event: 24.930 GC heap after
{Heap after GC invocations=78 (full 0):
 garbage-first heap   total 362496K, used 235897K [0x0000000080000000, 0x0000000100000000)
  region size 1024K, 5 young (5120K), 5 survivors (5120K)
 Metaspace       used 161298K, committed 162176K, reserved 1245184K
  class space    used 20955K, committed 21376K, reserved 1048576K
}
Event: 26.201 GC heap before
{Heap before GC invocations=79 (full 0):
 garbage-first heap   total 399360K, used 289145K [0x0000000080000000, 0x0000000100000000)
  region size 1024K, 57 young (58368K), 5 survivors (5120K)
 Metaspace       used 161300K, committed 162176K, reserved 1245184K
  class space    used 20955K, committed 21376K, reserved 1048576K
}
Event: 26.205 GC heap after
{Heap after GC invocations=80 (full 0):
 garbage-first heap   total 399360K, used 237279K [0x0000000080000000, 0x0000000100000000)
  region size 1024K, 6 young (6144K), 6 survivors (6144K)
 Metaspace       used 161300K, committed 162176K, reserved 1245184K
  class space    used 20955K, committed 21376K, reserved 1048576K
}
Event: 26.457 GC heap before
{Heap before GC invocations=80 (full 0):
 garbage-first heap   total 399360K, used 249567K [0x0000000080000000, 0x0000000100000000)
  region size 1024K, 19 young (19456K), 6 survivors (6144K)
 Metaspace       used 161300K, committed 162176K, reserved 1245184K
  class space    used 20955K, committed 21376K, reserved 1048576K
}
Event: 26.462 GC heap after
{Heap after GC invocations=81 (full 0):
 garbage-first heap   total 399360K, used 232806K [0x0000000080000000, 0x0000000100000000)
  region size 1024K, 3 young (3072K), 3 survivors (3072K)
 Metaspace       used 161300K, committed 162176K, reserved 1245184K
  class space    used 20955K, committed 21376K, reserved 1048576K
}
Event: 27.504 GC heap before
{Heap before GC invocations=81 (full 0):
 garbage-first heap   total 399360K, used 311654K [0x0000000080000000, 0x0000000100000000)
  region size 1024K, 80 young (81920K), 3 survivors (3072K)
 Metaspace       used 161300K, committed 162176K, reserved 1245184K
  class space    used 20955K, committed 21376K, reserved 1048576K
}
Event: 27.508 GC heap after
{Heap after GC invocations=82 (full 0):
 garbage-first heap   total 399360K, used 235685K [0x0000000080000000, 0x0000000100000000)
  region size 1024K, 6 young (6144K), 6 survivors (6144K)
 Metaspace       used 161300K, committed 162176K, reserved 1245184K
  class space    used 20955K, committed 21376K, reserved 1048576K
}
Event: 28.205 GC heap before
{Heap before GC invocations=82 (full 0):
 garbage-first heap   total 399360K, used 317605K [0x0000000080000000, 0x0000000100000000)
  region size 1024K, 86 young (88064K), 6 survivors (6144K)
 Metaspace       used 161300K, committed 162176K, reserved 1245184K
  class space    used 20955K, committed 21376K, reserved 1048576K
}
Event: 28.209 GC heap after
{Heap after GC invocations=83 (full 0):
 garbage-first heap   total 399360K, used 238193K [0x0000000080000000, 0x0000000100000000)
  region size 1024K, 8 young (8192K), 8 survivors (8192K)
 Metaspace       used 161300K, committed 162176K, reserved 1245184K
  class space    used 20955K, committed 21376K, reserved 1048576K
}
Event: 28.711 GC heap before
{Heap before GC invocations=83 (full 0):
 garbage-first heap   total 399360K, used 294513K [0x0000000080000000, 0x0000000100000000)
  region size 1024K, 62 young (63488K), 8 survivors (8192K)
 Metaspace       used 161334K, committed 162240K, reserved 1245184K
  class space    used 20966K, committed 21376K, reserved 1048576K
}
Event: 28.714 GC heap after
{Heap after GC invocations=84 (full 0):
 garbage-first heap   total 399360K, used 242356K [0x0000000080000000, 0x0000000100000000)
  region size 1024K, 7 young (7168K), 7 survivors (7168K)
 Metaspace       used 161334K, committed 162240K, reserved 1245184K
  class space    used 20966K, committed 21376K, reserved 1048576K
}
Event: 29.712 GC heap before
{Heap before GC invocations=85 (full 0):
 garbage-first heap   total 454656K, used 337588K [0x0000000080000000, 0x0000000100000000)
  region size 1024K, 85 young (87040K), 7 survivors (7168K)
 Metaspace       used 168340K, committed 169216K, reserved 1245184K
  class space    used 21867K, committed 22272K, reserved 1048576K
}
Event: 29.724 GC heap after
{Heap after GC invocations=86 (full 0):
 garbage-first heap   total 454656K, used 248830K [0x0000000080000000, 0x0000000100000000)
  region size 1024K, 11 young (11264K), 11 survivors (11264K)
 Metaspace       used 168340K, committed 169216K, reserved 1245184K
  class space    used 21867K, committed 22272K, reserved 1048576K
}
Event: 29.885 GC heap before
{Heap before GC invocations=86 (full 0):
 garbage-first heap   total 454656K, used 259070K [0x0000000080000000, 0x0000000100000000)
  region size 1024K, 22 young (22528K), 11 survivors (11264K)
 Metaspace       used 169260K, committed 170176K, reserved 1245184K
  class space    used 21981K, committed 22464K, reserved 1048576K
}
Event: 29.892 GC heap after
{Heap after GC invocations=87 (full 0):
 garbage-first heap   total 454656K, used 246628K [0x0000000080000000, 0x0000000100000000)
  region size 1024K, 2 young (2048K), 2 survivors (2048K)
 Metaspace       used 169260K, committed 170176K, reserved 1245184K
  class space    used 21981K, committed 22464K, reserved 1048576K
}

