# JRE version: OpenJDK Runtime Environment (17.0.9) (build 17.0.9+0--11185874)
# Java VM: OpenJDK 64-Bit Server VM (17.0.9+0--11185874, mixed mode, tiered, compressed oops, compressed class ptrs, g1 gc, windows-amd64)
GC Precious Log:
 CPUs: 16 total, 16 available
 Memory: 15996M
 Large Page Support: Disabled
 NUMA Support: Disabled
 Compressed Oops: Enabled (32-bit)
 Heap Region Size: 1M
 Heap Min Capacity: 8M
 Heap Initial Capacity: 250M
 Heap Max Capacity: 2G
 Pre-touch: Disabled
 Parallel Workers: 13
 Concurrent Workers: 3
 Concurrent Refinement Workers: 13
 Periodic GC: Disabled
Heap:
 garbage-first heap   total 318464K, used 204359K [0x0000000080000000, 0x0000000100000000)
  region size 1024K, 58 young (59392K), 2 survivors (2048K)
 Metaspace       used 126392K, committed 127232K, reserved 1179648K
  class space    used 16793K, committed 17216K, reserved 1048576K
GC Heap History (20 events):
Event: 19.051 GC heap before
{Heap before GC invocations=39 (full 0):
 garbage-first heap   total 194560K, used 153519K [0x0000000080000000, 0x0000000100000000)
  region size 1024K, 48 young (49152K), 6 survivors (6144K)
 Metaspace       used 104518K, committed 105280K, reserved 1179648K
  class space    used 14302K, committed 14720K, reserved 1048576K
}
Event: 19.055 GC heap after
{Heap after GC invocations=40 (full 0):
 garbage-first heap   total 194560K, used 113972K [0x0000000080000000, 0x0000000100000000)
  region size 1024K, 5 young (5120K), 5 survivors (5120K)
 Metaspace       used 104518K, committed 105280K, reserved 1179648K
  class space    used 14302K, committed 14720K, reserved 1048576K
}
Event: 19.579 GC heap before
{Heap before GC invocations=40 (full 0):
 garbage-first heap   total 194560K, used 164148K [0x0000000080000000, 0x0000000100000000)
  region size 1024K, 55 young (56320K), 5 survivors (5120K)
 Metaspace       used 106680K, committed 107392K, reserved 1179648K
  class space    used 14545K, committed 14912K, reserved 1048576K
}
Event: 19.587 GC heap after
{Heap after GC invocations=41 (full 0):
 garbage-first heap   total 194560K, used 116258K [0x0000000080000000, 0x0000000100000000)
  region size 1024K, 5 young (5120K), 5 survivors (5120K)
 Metaspace       used 106680K, committed 107392K, reserved 1179648K
  class space    used 14545K, committed 14912K, reserved 1048576K
}
Event: 1073.141 GC heap before
{Heap before GC invocations=42 (full 0):
 garbage-first heap   total 201728K, used 164386K [0x0000000080000000, 0x0000000100000000)
  region size 1024K, 53 young (54272K), 5 survivors (5120K)
 Metaspace       used 110043K, committed 110848K, reserved 1179648K
  class space    used 14836K, committed 15232K, reserved 1048576K
}
Event: 1073.148 GC heap after
{Heap after GC invocations=43 (full 0):
 garbage-first heap   total 201728K, used 116728K [0x0000000080000000, 0x0000000100000000)
  region size 1024K, 3 young (3072K), 3 survivors (3072K)
 Metaspace       used 110043K, committed 110848K, reserved 1179648K
  class space    used 14836K, committed 15232K, reserved 1048576K
}
Event: 1073.196 GC heap before
{Heap before GC invocations=43 (full 0):
 garbage-first heap   total 201728K, used 122872K [0x0000000080000000, 0x0000000100000000)
  region size 1024K, 9 young (9216K), 3 survivors (3072K)
 Metaspace       used 110061K, committed 110848K, reserved 1179648K
  class space    used 14837K, committed 15232K, reserved 1048576K
}
Event: 1073.203 GC heap after
{Heap after GC invocations=44 (full 0):
 garbage-first heap   total 201728K, used 116409K [0x0000000080000000, 0x0000000100000000)
  region size 1024K, 2 young (2048K), 2 survivors (2048K)
 Metaspace       used 110061K, committed 110848K, reserved 1179648K
  class space    used 14837K, committed 15232K, reserved 1048576K
}
Event: 1074.825 GC heap before
{Heap before GC invocations=44 (full 0):
 garbage-first heap   total 201728K, used 170681K [0x0000000080000000, 0x0000000100000000)
  region size 1024K, 56 young (57344K), 2 survivors (2048K)
 Metaspace       used 115761K, committed 116544K, reserved 1179648K
  class space    used 15563K, committed 16000K, reserved 1048576K
}
Event: 1074.832 GC heap after
{Heap after GC invocations=45 (full 0):
 garbage-first heap   total 201728K, used 121678K [0x0000000080000000, 0x0000000100000000)
  region size 1024K, 7 young (7168K), 7 survivors (7168K)
 Metaspace       used 115761K, committed 116544K, reserved 1179648K
  class space    used 15563K, committed 16000K, reserved 1048576K
}
Event: 1075.791 GC heap before
{Heap before GC invocations=46 (full 0):
 garbage-first heap   total 208896K, used 168782K [0x0000000080000000, 0x0000000100000000)
  region size 1024K, 54 young (55296K), 7 survivors (7168K)
 Metaspace       used 116525K, committed 117376K, reserved 1179648K
  class space    used 15641K, committed 16064K, reserved 1048576K
}
Event: 1075.800 GC heap after
{Heap after GC invocations=47 (full 0):
 garbage-first heap   total 208896K, used 128351K [0x0000000080000000, 0x0000000100000000)
  region size 1024K, 7 young (7168K), 7 survivors (7168K)
 Metaspace       used 116525K, committed 117376K, reserved 1179648K
  class space    used 15641K, committed 16064K, reserved 1048576K
}
Event: 1075.953 GC heap before
{Heap before GC invocations=47 (full 0):
 garbage-first heap   total 208896K, used 134495K [0x0000000080000000, 0x0000000100000000)
  region size 1024K, 10 young (10240K), 7 survivors (7168K)
 Metaspace       used 117046K, committed 117824K, reserved 1179648K
  class space    used 15681K, committed 16064K, reserved 1048576K
}
Event: 1075.959 GC heap after
{Heap after GC invocations=48 (full 0):
 garbage-first heap   total 208896K, used 128943K [0x0000000080000000, 0x0000000100000000)
  region size 1024K, 2 young (2048K), 2 survivors (2048K)
 Metaspace       used 117046K, committed 117824K, reserved 1179648K
  class space    used 15681K, committed 16064K, reserved 1048576K
}
Event: 1076.849 GC heap before
{Heap before GC invocations=48 (full 0):
 garbage-first heap   total 208896K, used 173999K [0x0000000080000000, 0x0000000100000000)
  region size 1024K, 46 young (47104K), 2 survivors (2048K)
 Metaspace       used 118679K, committed 119488K, reserved 1179648K
  class space    used 15878K, committed 16320K, reserved 1048576K
}
Event: 1076.857 GC heap after
{Heap after GC invocations=49 (full 0):
 garbage-first heap   total 318464K, used 143000K [0x0000000080000000, 0x0000000100000000)
  region size 1024K, 6 young (6144K), 6 survivors (6144K)
 Metaspace       used 118679K, committed 119488K, reserved 1179648K
  class space    used 15878K, committed 16320K, reserved 1048576K
}
Event: 1078.341 GC heap before
{Heap before GC invocations=50 (full 0):
 garbage-first heap   total 318464K, used 246424K [0x0000000080000000, 0x0000000100000000)
  region size 1024K, 80 young (81920K), 6 survivors (6144K)
 Metaspace       used 123630K, committed 124416K, reserved 1179648K
  class space    used 16443K, committed 16832K, reserved 1048576K
}
Event: 1078.354 GC heap after
{Heap after GC invocations=51 (full 0):
 garbage-first heap   total 318464K, used 149361K [0x0000000080000000, 0x0000000100000000)
  region size 1024K, 10 young (10240K), 10 survivors (10240K)
 Metaspace       used 123630K, committed 124416K, reserved 1179648K
  class space    used 16443K, committed 16832K, reserved 1048576K
}
Event: 1078.524 GC heap before
{Heap before GC invocations=51 (full 0):
 garbage-first heap   total 318464K, used 153457K [0x0000000080000000, 0x0000000100000000)
  region size 1024K, 15 young (15360K), 10 survivors (10240K)
 Metaspace       used 123785K, committed 124608K, reserved 1179648K
  class space    used 16469K, committed 16896K, reserved 1048576K
}
Event: 1078.536 GC heap after
{Heap after GC invocations=52 (full 0):
 garbage-first heap   total 318464K, used 149063K [0x0000000080000000, 0x0000000100000000)
  region size 1024K, 2 young (2048K), 2 survivors (2048K)
 Metaspace       used 123785K, committed 124608K, reserved 1179648K
  class space    used 16469K, committed 16896K, reserved 1048576K
}

