# JRE version: OpenJDK Runtime Environment (17.0.9) (build 17.0.9+0--11185874)
# Java VM: OpenJDK 64-Bit Server VM (17.0.9+0--11185874, mixed mode, tiered, compressed oops, compressed class ptrs, g1 gc, windows-amd64)
GC Precious Log:
 CPUs: 16 total, 16 available
 Memory: 15996M
 Large Page Support: Disabled
 NUMA Support: Disabled
 Compressed Oops: Enabled (32-bit)
 Heap Region Size: 1M
 Heap Min Capacity: 8M
 Heap Initial Capacity: 250M
 Heap Max Capacity: 2G
 Pre-touch: Disabled
 Parallel Workers: 13
 Concurrent Workers: 3
 Concurrent Refinement Workers: 13
 Periodic GC: Disabled
Heap:
 garbage-first heap   total 495616K, used 183201K [0x0000000080000000, 0x0000000100000000)
  region size 1024K, 7 young (7168K), 7 survivors (7168K)
 Metaspace       used 162911K, committed 164544K, reserved 1245184K
  class space    used 22264K, committed 23040K, reserved 1048576K
GC Heap History (20 events):
Event: 1468.168 GC heap after
{Heap after GC invocations=93 (full 0):
 garbage-first heap   total 495616K, used 175508K [0x0000000080000000, 0x0000000100000000)
  region size 1024K, 3 young (3072K), 3 survivors (3072K)
 Metaspace       used 156349K, committed 157760K, reserved 1245184K
  class space    used 21551K, committed 22208K, reserved 1048576K
}
Event: 1469.545 GC heap before
{Heap before GC invocations=93 (full 0):
 garbage-first heap   total 495616K, used 358804K [0x0000000080000000, 0x0000000100000000)
  region size 1024K, 183 young (187392K), 3 survivors (3072K)
 Metaspace       used 157005K, committed 158528K, reserved 1245184K
  class space    used 21629K, committed 22336K, reserved 1048576K
}
Event: 1469.549 GC heap after
{Heap after GC invocations=94 (full 0):
 garbage-first heap   total 495616K, used 180956K [0x0000000080000000, 0x0000000100000000)
  region size 1024K, 9 young (9216K), 9 survivors (9216K)
 Metaspace       used 157005K, committed 158528K, reserved 1245184K
  class space    used 21629K, committed 22336K, reserved 1048576K
}
Event: 1615.028 GC heap before
{Heap before GC invocations=95 (full 0):
 garbage-first heap   total 495616K, used 405212K [0x0000000080000000, 0x0000000100000000)
  region size 1024K, 193 young (197632K), 9 survivors (9216K)
 Metaspace       used 157773K, committed 159296K, reserved 1245184K
  class space    used 21665K, committed 22400K, reserved 1048576K
}
Event: 1615.034 GC heap after
{Heap after GC invocations=96 (full 0):
 garbage-first heap   total 495616K, used 174038K [0x0000000080000000, 0x0000000100000000)
  region size 1024K, 6 young (6144K), 6 survivors (6144K)
 Metaspace       used 157773K, committed 159296K, reserved 1245184K
  class space    used 21665K, committed 22400K, reserved 1048576K
}
Event: 1615.113 GC heap before
{Heap before GC invocations=96 (full 0):
 garbage-first heap   total 495616K, used 191446K [0x0000000080000000, 0x0000000100000000)
  region size 1024K, 24 young (24576K), 6 survivors (6144K)
 Metaspace       used 157776K, committed 159296K, reserved 1245184K
  class space    used 21665K, committed 22400K, reserved 1048576K
}
Event: 1615.121 GC heap after
{Heap after GC invocations=97 (full 0):
 garbage-first heap   total 495616K, used 165183K [0x0000000080000000, 0x0000000100000000)
  region size 1024K, 3 young (3072K), 3 survivors (3072K)
 Metaspace       used 157776K, committed 159296K, reserved 1245184K
  class space    used 21665K, committed 22400K, reserved 1048576K
}
Event: 1615.378 GC heap before
{Heap before GC invocations=97 (full 0):
 garbage-first heap   total 495616K, used 221503K [0x0000000080000000, 0x0000000100000000)
  region size 1024K, 59 young (60416K), 3 survivors (3072K)
 Metaspace       used 157888K, committed 159424K, reserved 1245184K
  class space    used 21666K, committed 22400K, reserved 1048576K
}
Event: 1615.382 GC heap after
{Heap after GC invocations=98 (full 0):
 garbage-first heap   total 495616K, used 171679K [0x0000000080000000, 0x0000000100000000)
  region size 1024K, 10 young (10240K), 10 survivors (10240K)
 Metaspace       used 157888K, committed 159424K, reserved 1245184K
  class space    used 21666K, committed 22400K, reserved 1048576K
}
Event: 1657.073 GC heap before
{Heap before GC invocations=99 (full 0):
 garbage-first heap   total 495616K, used 442015K [0x0000000080000000, 0x0000000100000000)
  region size 1024K, 214 young (219136K), 10 survivors (10240K)
 Metaspace       used 158106K, committed 159680K, reserved 1245184K
  class space    used 21669K, committed 22400K, reserved 1048576K
}
Event: 1657.081 GC heap after
{Heap after GC invocations=100 (full 0):
 garbage-first heap   total 495616K, used 176940K [0x0000000080000000, 0x0000000100000000)
  region size 1024K, 18 young (18432K), 18 survivors (18432K)
 Metaspace       used 158106K, committed 159680K, reserved 1245184K
  class space    used 21669K, committed 22400K, reserved 1048576K
}
Event: 1657.103 GC heap before
{Heap before GC invocations=100 (full 0):
 garbage-first heap   total 495616K, used 183084K [0x0000000080000000, 0x0000000100000000)
  region size 1024K, 24 young (24576K), 18 survivors (18432K)
 Metaspace       used 158106K, committed 159680K, reserved 1245184K
  class space    used 21669K, committed 22400K, reserved 1048576K
}
Event: 1657.111 GC heap after
{Heap after GC invocations=101 (full 0):
 garbage-first heap   total 495616K, used 172371K [0x0000000080000000, 0x0000000100000000)
  region size 1024K, 3 young (3072K), 3 survivors (3072K)
 Metaspace       used 158106K, committed 159680K, reserved 1245184K
  class space    used 21669K, committed 22400K, reserved 1048576K
}
Event: 1657.177 GC heap before
{Heap before GC invocations=101 (full 0):
 garbage-first heap   total 495616K, used 190803K [0x0000000080000000, 0x0000000100000000)
  region size 1024K, 22 young (22528K), 3 survivors (3072K)
 Metaspace       used 158109K, committed 159680K, reserved 1245184K
  class space    used 21669K, committed 22400K, reserved 1048576K
}
Event: 1657.180 GC heap after
{Heap after GC invocations=102 (full 0):
 garbage-first heap   total 495616K, used 172978K [0x0000000080000000, 0x0000000100000000)
  region size 1024K, 4 young (4096K), 4 survivors (4096K)
 Metaspace       used 158109K, committed 159680K, reserved 1245184K
  class space    used 21669K, committed 22400K, reserved 1048576K
}
Event: 2594.132 GC heap before
{Heap before GC invocations=103 (full 0):
 garbage-first heap   total 495616K, used 457650K [0x0000000080000000, 0x0000000100000000)
  region size 1024K, 207 young (211968K), 4 survivors (4096K)
 Metaspace       used 161057K, committed 162688K, reserved 1245184K
  class space    used 22015K, committed 22784K, reserved 1048576K
}
Event: 2594.139 GC heap after
{Heap after GC invocations=104 (full 0):
 garbage-first heap   total 495616K, used 190744K [0x0000000080000000, 0x0000000100000000)
  region size 1024K, 13 young (13312K), 13 survivors (13312K)
 Metaspace       used 161057K, committed 162688K, reserved 1245184K
  class space    used 22015K, committed 22784K, reserved 1048576K
}
Event: 2594.295 GC heap before
{Heap before GC invocations=104 (full 0):
 garbage-first heap   total 495616K, used 200984K [0x0000000080000000, 0x0000000100000000)
  region size 1024K, 24 young (24576K), 13 survivors (13312K)
 Metaspace       used 161699K, committed 163328K, reserved 1245184K
  class space    used 22093K, committed 22848K, reserved 1048576K
}
Event: 2594.301 GC heap after
{Heap after GC invocations=105 (full 0):
 garbage-first heap   total 495616K, used 177967K [0x0000000080000000, 0x0000000100000000)
  region size 1024K, 2 young (2048K), 2 survivors (2048K)
 Metaspace       used 161699K, committed 163328K, reserved 1245184K
  class space    used 22093K, committed 22848K, reserved 1048576K
}
Event: 2594.786 GC heap before
{Heap before GC invocations=105 (full 0):
 garbage-first heap   total 495616K, used 231215K [0x0000000080000000, 0x0000000100000000)
  region size 1024K, 56 young (57344K), 2 survivors (2048K)
 Metaspace       used 162911K, committed 164544K, reserved 1245184K
  class space    used 22264K, committed 23040K, reserved 1048576K
}

