# JRE version: OpenJDK Runtime Environment (17.0.9) (build 17.0.9+0--11185874)
# Java VM: OpenJDK 64-Bit Server VM (17.0.9+0--11185874, mixed mode, tiered, compressed oops, compressed class ptrs, g1 gc, windows-amd64)
GC Precious Log:
 CPUs: 16 total, 16 available
 Memory: 15996M
 Large Page Support: Disabled
 NUMA Support: Disabled
 Compressed Oops: Enabled (32-bit)
 Heap Region Size: 1M
 Heap Min Capacity: 8M
 Heap Initial Capacity: 250M
 Heap Max Capacity: 2G
 Pre-touch: Disabled
 Parallel Workers: 13
 Concurrent Workers: 3
 Concurrent Refinement Workers: 13
 Periodic GC: Disabled
Heap:
 garbage-first heap   total 291840K, used 225307K [0x0000000080000000, 0x0000000100000000)
  region size 1024K, 3 young (3072K), 1 survivors (1024K)
 Metaspace       used 146185K, committed 147200K, reserved 1179648K
  class space    used 19575K, committed 20096K, reserved 1048576K
GC Heap History (20 events):
Event: 3525.800 GC heap before
{Heap before GC invocations=40 (full 0):
 garbage-first heap   total 291840K, used 215028K [0x0000000080000000, 0x0000000100000000)
  region size 1024K, 51 young (52224K), 10 survivors (10240K)
 Metaspace       used 139641K, committed 140352K, reserved 1179648K
  class space    used 18955K, committed 19328K, reserved 1048576K
}
Event: 3525.807 GC heap after
{Heap after GC invocations=41 (full 0):
 garbage-first heap   total 291840K, used 169157K [0x0000000080000000, 0x0000000100000000)
  region size 1024K, 4 young (4096K), 4 survivors (4096K)
 Metaspace       used 139641K, committed 140352K, reserved 1179648K
  class space    used 18955K, committed 19328K, reserved 1048576K
}
Event: 3525.976 GC heap before
{Heap before GC invocations=41 (full 0):
 garbage-first heap   total 291840K, used 178373K [0x0000000080000000, 0x0000000100000000)
  region size 1024K, 14 young (14336K), 4 survivors (4096K)
 Metaspace       used 139877K, committed 140608K, reserved 1179648K
  class space    used 18980K, committed 19328K, reserved 1048576K
}
Event: 3525.983 GC heap after
{Heap after GC invocations=42 (full 0):
 garbage-first heap   total 291840K, used 166972K [0x0000000080000000, 0x0000000100000000)
  region size 1024K, 2 young (2048K), 2 survivors (2048K)
 Metaspace       used 139877K, committed 140608K, reserved 1179648K
  class space    used 18980K, committed 19328K, reserved 1048576K
}
Event: 3530.001 GC heap before
{Heap before GC invocations=42 (full 0):
 garbage-first heap   total 291840K, used 231484K [0x0000000080000000, 0x0000000100000000)
  region size 1024K, 66 young (67584K), 2 survivors (2048K)
 Metaspace       used 141703K, committed 142592K, reserved 1179648K
  class space    used 19185K, committed 19648K, reserved 1048576K
}
Event: 3530.006 GC heap after
{Heap after GC invocations=43 (full 0):
 garbage-first heap   total 291840K, used 169897K [0x0000000080000000, 0x0000000100000000)
  region size 1024K, 5 young (5120K), 5 survivors (5120K)
 Metaspace       used 141703K, committed 142592K, reserved 1179648K
  class space    used 19185K, committed 19648K, reserved 1048576K
}
Event: 3530.457 GC heap before
{Heap before GC invocations=43 (full 0):
 garbage-first heap   total 291840K, used 234409K [0x0000000080000000, 0x0000000100000000)
  region size 1024K, 69 young (70656K), 5 survivors (5120K)
 Metaspace       used 142741K, committed 143552K, reserved 1179648K
  class space    used 19282K, committed 19712K, reserved 1048576K
}
Event: 3530.462 GC heap after
{Heap after GC invocations=44 (full 0):
 garbage-first heap   total 291840K, used 171868K [0x0000000080000000, 0x0000000100000000)
  region size 1024K, 7 young (7168K), 7 survivors (7168K)
 Metaspace       used 142741K, committed 143552K, reserved 1179648K
  class space    used 19282K, committed 19712K, reserved 1048576K
}
Event: 3534.463 GC heap before
{Heap before GC invocations=44 (full 0):
 garbage-first heap   total 291840K, used 238428K [0x0000000080000000, 0x0000000100000000)
  region size 1024K, 73 young (74752K), 7 survivors (7168K)
 Metaspace       used 143853K, committed 144768K, reserved 1179648K
  class space    used 19418K, committed 19904K, reserved 1048576K
}
Event: 3534.469 GC heap after
{Heap after GC invocations=45 (full 0):
 garbage-first heap   total 291840K, used 173923K [0x0000000080000000, 0x0000000100000000)
  region size 1024K, 5 young (5120K), 5 survivors (5120K)
 Metaspace       used 143853K, committed 144768K, reserved 1179648K
  class space    used 19418K, committed 19904K, reserved 1048576K
}
Event: 3535.220 GC heap before
{Heap before GC invocations=45 (full 0):
 garbage-first heap   total 291840K, used 242531K [0x0000000080000000, 0x0000000100000000)
  region size 1024K, 71 young (72704K), 5 survivors (5120K)
 Metaspace       used 144981K, committed 145920K, reserved 1179648K
  class space    used 19544K, committed 20032K, reserved 1048576K
}
Event: 3535.231 GC heap after
{Heap after GC invocations=46 (full 0):
 garbage-first heap   total 291840K, used 185327K [0x0000000080000000, 0x0000000100000000)
  region size 1024K, 9 young (9216K), 9 survivors (9216K)
 Metaspace       used 144981K, committed 145920K, reserved 1179648K
  class space    used 19544K, committed 20032K, reserved 1048576K
}
Event: 3535.431 GC heap before
{Heap before GC invocations=46 (full 0):
 garbage-first heap   total 291840K, used 239599K [0x0000000080000000, 0x0000000100000000)
  region size 1024K, 63 young (64512K), 9 survivors (9216K)
 Metaspace       used 145297K, committed 146240K, reserved 1179648K
  class space    used 19557K, committed 20032K, reserved 1048576K
}
Event: 3535.439 GC heap after
{Heap after GC invocations=47 (full 0):
 garbage-first heap   total 291840K, used 188534K [0x0000000080000000, 0x0000000100000000)
  region size 1024K, 5 young (5120K), 5 survivors (5120K)
 Metaspace       used 145297K, committed 146240K, reserved 1179648K
  class space    used 19557K, committed 20032K, reserved 1048576K
}
Event: 3535.852 GC heap before
{Heap before GC invocations=47 (full 0):
 garbage-first heap   total 291840K, used 242806K [0x0000000080000000, 0x0000000100000000)
  region size 1024K, 58 young (59392K), 5 survivors (5120K)
 Metaspace       used 146025K, committed 146944K, reserved 1179648K
  class space    used 19565K, committed 20032K, reserved 1048576K
}
Event: 3535.858 GC heap after
{Heap after GC invocations=48 (full 0):
 garbage-first heap   total 291840K, used 192831K [0x0000000080000000, 0x0000000100000000)
  region size 1024K, 8 young (8192K), 8 survivors (8192K)
 Metaspace       used 146025K, committed 146944K, reserved 1179648K
  class space    used 19565K, committed 20032K, reserved 1048576K
}
Event: 3536.207 GC heap before
{Heap before GC invocations=48 (full 0):
 garbage-first heap   total 291840K, used 240959K [0x0000000080000000, 0x0000000100000000)
  region size 1024K, 37 young (37888K), 8 survivors (8192K)
 Metaspace       used 146218K, committed 147136K, reserved 1179648K
  class space    used 19585K, committed 20096K, reserved 1048576K
}
Event: 3536.211 GC heap after
{Heap after GC invocations=49 (full 0):
 garbage-first heap   total 291840K, used 204058K [0x0000000080000000, 0x0000000100000000)
  region size 1024K, 2 young (2048K), 2 survivors (2048K)
 Metaspace       used 146218K, committed 147136K, reserved 1179648K
  class space    used 19585K, committed 20096K, reserved 1048576K
}
Event: 3536.214 GC heap before
{Heap before GC invocations=49 (full 0):
 garbage-first heap   total 291840K, used 218394K [0x0000000080000000, 0x0000000100000000)
  region size 1024K, 3 young (3072K), 2 survivors (2048K)
 Metaspace       used 146220K, committed 147200K, reserved 1179648K
  class space    used 19585K, committed 20096K, reserved 1048576K
}
Event: 3536.216 GC heap after
{Heap after GC invocations=50 (full 0):
 garbage-first heap   total 291840K, used 218139K [0x0000000080000000, 0x0000000100000000)
  region size 1024K, 1 young (1024K), 1 survivors (1024K)
 Metaspace       used 146220K, committed 147200K, reserved 1179648K
  class space    used 19585K, committed 20096K, reserved 1048576K
}

