# JRE version: OpenJDK Runtime Environment (17.0.9) (build 17.0.9+0--11185874)
# Java VM: OpenJDK 64-Bit Server VM (17.0.9+0--11185874, mixed mode, tiered, compressed oops, compressed class ptrs, g1 gc, windows-amd64)
GC Precious Log:
 CPUs: 16 total, 16 available
 Memory: 15996M
 Large Page Support: Disabled
 NUMA Support: Disabled
 Compressed Oops: Enabled (32-bit)
 Heap Region Size: 1M
 Heap Min Capacity: 8M
 Heap Initial Capacity: 250M
 Heap Max Capacity: 2G
 Pre-touch: Disabled
 Parallel Workers: 13
 Concurrent Workers: 3
 Concurrent Refinement Workers: 13
 Periodic GC: Disabled
Heap:
 garbage-first heap   total 373760K, used 172876K [0x0000000080000000, 0x0000000100000000)
  region size 1024K, 2 young (2048K), 2 survivors (2048K)
 Metaspace       used 154151K, committed 155712K, reserved 1245184K
  class space    used 21333K, committed 22080K, reserved 1048576K
GC Heap History (20 events):
Event: 323.900 GC heap after
{Heap after GC invocations=98 (full 0):
 garbage-first heap   total 362496K, used 159482K [0x0000000080000000, 0x0000000100000000)
  region size 1024K, 2 young (2048K), 2 survivors (2048K)
 Metaspace       used 153143K, committed 154368K, reserved 1245184K
  class space    used 21169K, committed 21760K, reserved 1048576K
}
Event: 323.920 GC heap before
{Heap before GC invocations=98 (full 0):
 garbage-first heap   total 362496K, used 161530K [0x0000000080000000, 0x0000000100000000)
  region size 1024K, 5 young (5120K), 2 survivors (2048K)
 Metaspace       used 153158K, committed 154432K, reserved 1245184K
  class space    used 21172K, committed 21824K, reserved 1048576K
}
Event: 323.923 GC heap after
{Heap after GC invocations=99 (full 0):
 garbage-first heap   total 362496K, used 158564K [0x0000000080000000, 0x0000000100000000)
  region size 1024K, 1 young (1024K), 1 survivors (1024K)
 Metaspace       used 153158K, committed 154432K, reserved 1245184K
  class space    used 21172K, committed 21824K, reserved 1048576K
}
Event: 325.317 GC heap before
{Heap before GC invocations=100 (full 0):
 garbage-first heap   total 362496K, used 297828K [0x0000000080000000, 0x0000000100000000)
  region size 1024K, 107 young (109568K), 1 survivors (1024K)
 Metaspace       used 153537K, committed 155008K, reserved 1245184K
  class space    used 21260K, committed 21952K, reserved 1048576K
}
Event: 325.330 GC heap after
{Heap after GC invocations=101 (full 0):
 garbage-first heap   total 362496K, used 166111K [0x0000000080000000, 0x0000000100000000)
  region size 1024K, 9 young (9216K), 9 survivors (9216K)
 Metaspace       used 153537K, committed 155008K, reserved 1245184K
  class space    used 21260K, committed 21952K, reserved 1048576K
}
Event: 325.355 GC heap before
{Heap before GC invocations=101 (full 0):
 garbage-first heap   total 362496K, used 173279K [0x0000000080000000, 0x0000000100000000)
  region size 1024K, 17 young (17408K), 9 survivors (9216K)
 Metaspace       used 153537K, committed 155008K, reserved 1245184K
  class space    used 21260K, committed 21952K, reserved 1048576K
}
Event: 325.366 GC heap after
{Heap after GC invocations=102 (full 0):
 garbage-first heap   total 362496K, used 152691K [0x0000000080000000, 0x0000000100000000)
  region size 1024K, 2 young (2048K), 2 survivors (2048K)
 Metaspace       used 153537K, committed 155008K, reserved 1245184K
  class space    used 21260K, committed 21952K, reserved 1048576K
}
Event: 325.522 GC heap before
{Heap before GC invocations=102 (full 0):
 garbage-first heap   total 362496K, used 178291K [0x0000000080000000, 0x0000000100000000)
  region size 1024K, 29 young (29696K), 2 survivors (2048K)
 Metaspace       used 153784K, committed 155328K, reserved 1245184K
  class space    used 21326K, committed 22080K, reserved 1048576K
}
Event: 325.525 GC heap after
{Heap after GC invocations=103 (full 0):
 garbage-first heap   total 362496K, used 153920K [0x0000000080000000, 0x0000000100000000)
  region size 1024K, 3 young (3072K), 3 survivors (3072K)
 Metaspace       used 153784K, committed 155328K, reserved 1245184K
  class space    used 21326K, committed 22080K, reserved 1048576K
}
Event: 345.054 GC heap before
{Heap before GC invocations=104 (full 0):
 garbage-first heap   total 362496K, used 313664K [0x0000000080000000, 0x0000000100000000)
  region size 1024K, 125 young (128000K), 3 survivors (3072K)
 Metaspace       used 153934K, committed 155456K, reserved 1245184K
  class space    used 21331K, committed 22080K, reserved 1048576K
}
Event: 345.071 GC heap after
{Heap after GC invocations=105 (full 0):
 garbage-first heap   total 362496K, used 181442K [0x0000000080000000, 0x0000000100000000)
  region size 1024K, 16 young (16384K), 16 survivors (16384K)
 Metaspace       used 153934K, committed 155456K, reserved 1245184K
  class space    used 21331K, committed 22080K, reserved 1048576K
}
Event: 345.083 GC heap before
{Heap before GC invocations=105 (full 0):
 garbage-first heap   total 362496K, used 182466K [0x0000000080000000, 0x0000000100000000)
  region size 1024K, 17 young (17408K), 16 survivors (16384K)
 Metaspace       used 153934K, committed 155456K, reserved 1245184K
  class space    used 21331K, committed 22080K, reserved 1048576K
}
Event: 345.093 GC heap after
{Heap after GC invocations=106 (full 0):
 garbage-first heap   total 362496K, used 178492K [0x0000000080000000, 0x0000000100000000)
  region size 1024K, 1 young (1024K), 1 survivors (1024K)
 Metaspace       used 153934K, committed 155456K, reserved 1245184K
  class space    used 21331K, committed 22080K, reserved 1048576K
}
Event: 345.117 GC heap before
{Heap before GC invocations=106 (full 0):
 garbage-first heap   total 362496K, used 188732K [0x0000000080000000, 0x0000000100000000)
  region size 1024K, 12 young (12288K), 1 survivors (1024K)
 Metaspace       used 153937K, committed 155456K, reserved 1245184K
  class space    used 21331K, committed 22080K, reserved 1048576K
}
Event: 345.123 GC heap after
{Heap after GC invocations=107 (full 0):
 garbage-first heap   total 362496K, used 187376K [0x0000000080000000, 0x0000000100000000)
  region size 1024K, 10 young (10240K), 10 survivors (10240K)
 Metaspace       used 153937K, committed 155456K, reserved 1245184K
  class space    used 21331K, committed 22080K, reserved 1048576K
}
Event: 346.267 GC heap before
{Heap before GC invocations=108 (full 0):
 garbage-first heap   total 373760K, used 283632K [0x0000000080000000, 0x0000000100000000)
  region size 1024K, 78 young (79872K), 10 survivors (10240K)
 Metaspace       used 154130K, committed 155712K, reserved 1245184K
  class space    used 21333K, committed 22080K, reserved 1048576K
}
Event: 346.277 GC heap after
{Heap after GC invocations=109 (full 0):
 garbage-first heap   total 373760K, used 188438K [0x0000000080000000, 0x0000000100000000)
  region size 1024K, 9 young (9216K), 9 survivors (9216K)
 Metaspace       used 154130K, committed 155712K, reserved 1245184K
  class space    used 21333K, committed 22080K, reserved 1048576K
}
Event: 346.291 GC heap before
{Heap before GC invocations=109 (full 0):
 garbage-first heap   total 373760K, used 196630K [0x0000000080000000, 0x0000000100000000)
  region size 1024K, 18 young (18432K), 9 survivors (9216K)
 Metaspace       used 154131K, committed 155712K, reserved 1245184K
  class space    used 21333K, committed 22080K, reserved 1048576K
}
Event: 346.298 GC heap after
{Heap after GC invocations=110 (full 0):
 garbage-first heap   total 373760K, used 171722K [0x0000000080000000, 0x0000000100000000)
  region size 1024K, 1 young (1024K), 1 survivors (1024K)
 Metaspace       used 154131K, committed 155712K, reserved 1245184K
  class space    used 21333K, committed 22080K, reserved 1048576K
}
Event: 346.382 GC heap before
{Heap before GC invocations=110 (full 0):
 garbage-first heap   total 373760K, used 187082K [0x0000000080000000, 0x0000000100000000)
  region size 1024K, 18 young (18432K), 1 survivors (1024K)
 Metaspace       used 154151K, committed 155712K, reserved 1245184K
  class space    used 21333K, committed 22080K, reserved 1048576K
}

