# JRE version: OpenJDK Runtime Environment (17.0.10) (build 17.0.10+0--11572160)
# Java VM: OpenJDK 64-Bit Server VM (17.0.10+0--11572160, mixed mode, tiered, compressed oops, compressed class ptrs, g1 gc, windows-amd64)
GC Precious Log:
 CPUs: 16 total, 16 available
 Memory: 15996M
 Large Page Support: Disabled
 NUMA Support: Disabled
 Compressed Oops: Enabled (32-bit)
 Heap Region Size: 1M
 Heap Min Capacity: 8M
 Heap Initial Capacity: 250M
 Heap Max Capacity: 2G
 Pre-touch: Disabled
 Parallel Workers: 13
 Concurrent Workers: 3
 Concurrent Refinement Workers: 13
 Periodic GC: Disabled
Heap:
 garbage-first heap   total 479232K, used 312187K [0x0000000080000000, 0x0000000100000000)
  region size 1024K, 104 young (106496K), 5 survivors (5120K)
 Metaspace       used 153088K, committed 154112K, reserved 1245184K
  class space    used 21103K, committed 21632K, reserved 1048576K
GC Heap History (20 events):
Event: 25.153 GC heap before
{Heap before GC invocations=56 (full 0):
 garbage-first heap   total 189440K, used 154288K [0x0000000080000000, 0x0000000100000000)
  region size 1024K, 42 young (43008K), 2 survivors (2048K)
 Metaspace       used 106314K, committed 107008K, reserved 1179648K
  class space    used 14537K, committed 14912K, reserved 1048576K
}
Event: 25.162 GC heap after
{Heap after GC invocations=57 (full 0):
 garbage-first heap   total 189440K, used 128000K [0x0000000080000000, 0x0000000100000000)
  region size 1024K, 6 young (6144K), 6 survivors (6144K)
 Metaspace       used 106314K, committed 107008K, reserved 1179648K
  class space    used 14537K, committed 14912K, reserved 1048576K
}
Event: 25.385 GC heap before
{Heap before GC invocations=57 (full 0):
 garbage-first heap   total 189440K, used 135168K [0x0000000080000000, 0x0000000100000000)
  region size 1024K, 14 young (14336K), 6 survivors (6144K)
 Metaspace       used 106454K, committed 107200K, reserved 1179648K
  class space    used 14545K, committed 14912K, reserved 1048576K
}
Event: 25.393 GC heap after
{Heap after GC invocations=58 (full 0):
 garbage-first heap   total 189440K, used 133753K [0x0000000080000000, 0x0000000100000000)
  region size 1024K, 4 young (4096K), 4 survivors (4096K)
 Metaspace       used 106454K, committed 107200K, reserved 1179648K
  class space    used 14545K, committed 14912K, reserved 1048576K
}
Event: 25.732 GC heap before
{Heap before GC invocations=59 (full 0):
 garbage-first heap   total 239616K, used 162425K [0x0000000080000000, 0x0000000100000000)
  region size 1024K, 25 young (25600K), 4 survivors (4096K)
 Metaspace       used 106554K, committed 107264K, reserved 1179648K
  class space    used 14557K, committed 14912K, reserved 1048576K
}
Event: 25.739 GC heap after
{Heap after GC invocations=60 (full 0):
 garbage-first heap   total 239616K, used 137730K [0x0000000080000000, 0x0000000100000000)
  region size 1024K, 3 young (3072K), 3 survivors (3072K)
 Metaspace       used 106554K, committed 107264K, reserved 1179648K
  class space    used 14557K, committed 14912K, reserved 1048576K
}
Event: 25.782 GC heap before
{Heap before GC invocations=60 (full 0):
 garbage-first heap   total 239616K, used 145922K [0x0000000080000000, 0x0000000100000000)
  region size 1024K, 11 young (11264K), 3 survivors (3072K)
 Metaspace       used 106554K, committed 107264K, reserved 1179648K
  class space    used 14557K, committed 14912K, reserved 1048576K
}
Event: 25.792 GC heap after
{Heap after GC invocations=61 (full 0):
 garbage-first heap   total 479232K, used 137695K [0x0000000080000000, 0x0000000100000000)
  region size 1024K, 2 young (2048K), 2 survivors (2048K)
 Metaspace       used 106554K, committed 107264K, reserved 1179648K
  class space    used 14557K, committed 14912K, reserved 1048576K
}
Event: 28.251 GC heap before
{Heap before GC invocations=61 (full 0):
 garbage-first heap   total 479232K, used 331231K [0x0000000080000000, 0x0000000100000000)
  region size 1024K, 164 young (167936K), 2 survivors (2048K)
 Metaspace       used 112090K, committed 112832K, reserved 1179648K
  class space    used 15163K, committed 15552K, reserved 1048576K
}
Event: 28.267 GC heap after
{Heap after GC invocations=62 (full 0):
 garbage-first heap   total 479232K, used 149121K [0x0000000080000000, 0x0000000100000000)
  region size 1024K, 13 young (13312K), 13 survivors (13312K)
 Metaspace       used 112090K, committed 112832K, reserved 1179648K
  class space    used 15163K, committed 15552K, reserved 1048576K
}
Event: 30.840 GC heap before
{Heap before GC invocations=62 (full 0):
 garbage-first heap   total 479232K, used 367233K [0x0000000080000000, 0x0000000100000000)
  region size 1024K, 227 young (232448K), 13 survivors (13312K)
 Metaspace       used 115941K, committed 116736K, reserved 1179648K
  class space    used 15559K, committed 16000K, reserved 1048576K
}
Event: 30.859 GC heap after
{Heap after GC invocations=63 (full 0):
 garbage-first heap   total 479232K, used 156510K [0x0000000080000000, 0x0000000100000000)
  region size 1024K, 20 young (20480K), 20 survivors (20480K)
 Metaspace       used 115941K, committed 116736K, reserved 1179648K
  class space    used 15559K, committed 16000K, reserved 1048576K
}
Event: 35.955 GC heap before
{Heap before GC invocations=63 (full 0):
 garbage-first heap   total 479232K, used 369502K [0x0000000080000000, 0x0000000100000000)
  region size 1024K, 229 young (234496K), 20 survivors (20480K)
 Metaspace       used 118769K, committed 119552K, reserved 1179648K
  class space    used 15848K, committed 16256K, reserved 1048576K
}
Event: 35.977 GC heap after
{Heap after GC invocations=64 (full 0):
 garbage-first heap   total 479232K, used 161744K [0x0000000080000000, 0x0000000100000000)
  region size 1024K, 19 young (19456K), 19 survivors (19456K)
 Metaspace       used 118769K, committed 119552K, reserved 1179648K
  class space    used 15848K, committed 16256K, reserved 1048576K
}
Event: 40.595 GC heap before
{Heap before GC invocations=64 (full 0):
 garbage-first heap   total 479232K, used 383952K [0x0000000080000000, 0x0000000100000000)
  region size 1024K, 233 young (238592K), 19 survivors (19456K)
 Metaspace       used 130633K, committed 131520K, reserved 1179648K
  class space    used 17554K, committed 17984K, reserved 1048576K
}
Event: 40.623 GC heap after
{Heap after GC invocations=65 (full 0):
 garbage-first heap   total 479232K, used 184459K [0x0000000080000000, 0x0000000100000000)
  region size 1024K, 30 young (30720K), 30 survivors (30720K)
 Metaspace       used 130633K, committed 131520K, reserved 1179648K
  class space    used 17554K, committed 17984K, reserved 1048576K
}
Event: 44.182 GC heap before
{Heap before GC invocations=65 (full 0):
 garbage-first heap   total 479232K, used 380043K [0x0000000080000000, 0x0000000100000000)
  region size 1024K, 221 young (226304K), 30 survivors (30720K)
 Metaspace       used 144243K, committed 145152K, reserved 1179648K
  class space    used 19953K, committed 20416K, reserved 1048576K
}
Event: 44.198 GC heap after
{Heap after GC invocations=66 (full 0):
 garbage-first heap   total 479232K, used 179416K [0x0000000080000000, 0x0000000100000000)
  region size 1024K, 7 young (7168K), 7 survivors (7168K)
 Metaspace       used 144243K, committed 145152K, reserved 1179648K
  class space    used 19953K, committed 20416K, reserved 1048576K
}
Event: 46.270 GC heap before
{Heap before GC invocations=66 (full 0):
 garbage-first heap   total 479232K, used 296152K [0x0000000080000000, 0x0000000100000000)
  region size 1024K, 80 young (81920K), 7 survivors (7168K)
 Metaspace       used 147603K, committed 148544K, reserved 1179648K
  class space    used 20553K, committed 20992K, reserved 1048576K
}
Event: 46.282 GC heap after
{Heap after GC invocations=67 (full 0):
 garbage-first heap   total 479232K, used 201595K [0x0000000080000000, 0x0000000100000000)
  region size 1024K, 5 young (5120K), 5 survivors (5120K)
 Metaspace       used 147603K, committed 148544K, reserved 1179648K
  class space    used 20553K, committed 20992K, reserved 1048576K
}

